<?xml version="1.0" encoding="UTF-8"?>
<coverage generated="1782657338647" clover="3.2.0">
  <project timestamp="1782657338647" name="All files">
    <metrics statements="23" coveredstatements="9" conditionals="16" coveredconditionals="5" methods="6" coveredmethods="2" elements="45" coveredelements="16" complexity="0" loc="23" ncloc="23" packages="3" files="3" classes="3"/>
    <package name="components">
      <metrics statements="6" coveredstatements="6" conditionals="6" coveredconditionals="5" methods="2" coveredmethods="2"/>
      <file name="DarkModeToggle.js" path="/Volumes/AbhaySSD/Development/AI /CodeKnight-Studio/CodeKnight-Studio-Backend/.workspaces/ws-a54b9593/worktrees/agent-3/frontend/src/components/DarkModeToggle.js">
        <metrics statements="6" coveredstatements="6" conditionals="6" coveredconditionals="5" methods="2" coveredmethods="2"/>
        <line num="10" count="1" type="stmt"/>
        <line num="11" count="3" type="stmt"/>
        <line num="13" count="3" type="stmt"/>
        <line num="14" count="1" type="cond" truecount="1" falsecount="1"/>
        <line num="15" count="1" type="stmt"/>
        <line num="18" count="3" type="stmt"/>
      </file>
    </package>
    <package name="hooks">
      <metrics statements="6" coveredstatements="1" conditionals="0" coveredconditionals="0" methods="2" coveredmethods="0"/>
      <file name="useThemeSwitcher.js" path="/Volumes/AbhaySSD/Development/AI /CodeKnight-Studio/CodeKnight-Studio-Backend/.workspaces/ws-a54b9593/worktrees/agent-3/frontend/src/hooks/useThemeSwitcher.js">
        <metrics statements="6" coveredstatements="1" conditionals="0" coveredconditionals="0" methods="2" coveredmethods="0"/>
        <line num="10" count="1" type="stmt"/>
        <line num="12" count="0" type="stmt"/>
        <line num="18" count="0" type="stmt"/>
        <line num="19" count="0" type="stmt"/>
        <line num="20" count="0" type="stmt"/>
        <line num="23" count="0" type="stmt"/>
      </file>
    </package>
    <package name="utils">
      <metrics statements="11" coveredstatements="2" conditionals="10" coveredconditionals="0" methods="2" coveredmethods="0"/>
      <file name="themeUtils.js" path="/Volumes/AbhaySSD/Development/AI /CodeKnight-Studio/CodeKnight-Studio-Backend/.workspaces/ws-a54b9593/worktrees/agent-3/frontend/src/utils/themeUtils.js">
        <metrics statements="11" coveredstatements="2" conditionals="10" coveredconditionals="0" methods="2" coveredmethods="0"/>
        <line num="5" count="1" type="stmt"/>
        <line num="6" count="0" type="cond" truecount="0" falsecount="4"/>
        <line num="7" count="0" type="stmt"/>
        <line num="9" count="0" type="cond" truecount="0" falsecount="2"/>
        <line num="16" count="1" type="stmt"/>
        <line num="17" count="0" type="cond" truecount="0" falsecount="4"/>
        <line num="18" count="0" type="stmt"/>
        <line num="19" count="0" type="stmt"/>
        <line num="21" count="0" type="stmt"/>
        <line num="22" count="0" type="stmt"/>
        <line num="24" count="0" type="stmt"/>
      </file>
    </package>
  </project>
</coverage>
