<?xml version="1.0" encoding="UTF-8"?>
<coverage generated="1782656735504" clover="3.2.0">
  <project timestamp="1782656735504" name="All files">
    <metrics statements="6" coveredstatements="6" conditionals="0" coveredconditionals="0" methods="2" coveredmethods="2" elements="8" coveredelements="8" complexity="0" loc="6" ncloc="6" packages="1" files="1" classes="1"/>
    <file name="useThemeSwitcher.js" path="/Volumes/AbhaySSD/Development/AI /CodeKnight-Studio/CodeKnight-Studio-Backend/.workspaces/ws-a54b9593/worktrees/agent-1/frontend/src/hooks/useThemeSwitcher.js">
      <metrics statements="6" coveredstatements="6" conditionals="0" coveredconditionals="0" methods="2" coveredmethods="2"/>
      <line num="10" count="1" type="stmt"/>
      <line num="12" count="4" type="stmt"/>
      <line num="18" count="4" type="stmt"/>
      <line num="19" count="1" type="stmt"/>
      <line num="20" count="1" type="stmt"/>
      <line num="23" count="4" type="stmt"/>
    </file>
  </project>
</coverage>
