{"/Volumes/AbhaySSD/Development/AI /CodeKnight-Studio/CodeKnight-Studio-Backend/.workspaces/ws-a54b9593/worktrees/agent-1/frontend/src/hooks/useThemeSwitcher.js": {"path":"/Volumes/AbhaySSD/Development/AI /CodeKnight-Studio/CodeKnight-Studio-Backend/.workspaces/ws-a54b9593/worktrees/agent-1/frontend/src/hooks/useThemeSwitcher.js","statementMap":{"0":{"start":{"line":10,"column":32},"end":{"line":24,"column":1}},"1":{"start":{"line":12,"column":33},"end":{"line":12,"column":57}},"2":{"start":{"line":18,"column":19},"end":{"line":21,"column":3}},"3":{"start":{"line":19,"column":4},"end":{"line":19,"column":28}},"4":{"start":{"line":20,"column":4},"end":{"line":20,"column":33}},"5":{"start":{"line":23,"column":2},"end":{"line":23,"column":29}}},"fnMap":{"0":{"name":"(anonymous_0)","decl":{"start":{"line":10,"column":32},"end":{"line":10,"column":33}},"loc":{"start":{"line":10,"column":38},"end":{"line":24,"column":1}},"line":10},"1":{"name":"(anonymous_1)","decl":{"start":{"line":18,"column":19},"end":{"line":18,"column":20}},"loc":{"start":{"line":18,"column":33},"end":{"line":21,"column":3}},"line":18}},"branchMap":{},"s":{"0":1,"1":4,"2":4,"3":1,"4":1,"5":4},"f":{"0":4,"1":1},"b":{},"_coverageSchema":"1a1c01bbd47fc00a2c39e90264f33305004495a9","hash":"ac22986e624397bfb5cbb0b5f81a38af636323c1"}
}
