TN:
SF:frontend/src/components/DarkModeToggle.js
FN:10,(anonymous_0)
FN:13,(anonymous_1)
FNF:2
FNH:2
FNDA:3,(anonymous_0)
FNDA:1,(anonymous_1)
DA:10,1
DA:11,3
DA:13,3
DA:14,1
DA:15,1
DA:18,3
LF:6
LH:6
BRDA:14,0,0,1
BRDA:14,0,1,0
BRDA:21,1,0,2
BRDA:21,1,1,1
BRDA:24,2,0,2
BRDA:24,2,1,1
BRF:6
BRH:5
end_of_record
TN:
SF:frontend/src/hooks/useThemeSwitcher.js
FN:10,(anonymous_0)
FN:18,(anonymous_1)
FNF:2
FNH:0
FNDA:0,(anonymous_0)
FNDA:0,(anonymous_1)
DA:10,1
DA:12,0
DA:18,0
DA:19,0
DA:20,0
DA:23,0
LF:6
LH:1
BRF:0
BRH:0
end_of_record
TN:
SF:frontend/src/utils/themeUtils.js
FN:5,(anonymous_0)
FN:16,(anonymous_1)
FNF:2
FNH:0
FNDA:0,(anonymous_0)
FNDA:0,(anonymous_1)
DA:5,1
DA:6,0
DA:7,0
DA:9,0
DA:16,1
DA:17,0
DA:18,0
DA:19,0
DA:21,0
DA:22,0
DA:24,0
LF:11
LH:2
BRDA:6,0,0,0
BRDA:6,0,1,0
BRDA:6,1,0,0
BRDA:6,1,1,0
BRDA:9,2,0,0
BRDA:9,2,1,0
BRDA:17,3,0,0
BRDA:17,3,1,0
BRDA:17,4,0,0
BRDA:17,4,1,0
BRF:10
BRH:0
end_of_record
